<?xml version="1.0" encoding="UTF-8"?>
<!-- Generated by org.testng.reporters.JUnitReportReporter -->
<testsuite hostname="mqsys02" name="com.ranford.mastertestcase.MasterTestCaseTest" tests="1" failures="0" timestamp="20 Nov 2015 06:14:43 GMT" time="179.149" errors="0">
  <testcase name="TestCase" time="179.149" classname="com.ranford.mastertestcase.MasterTestCaseTest"/>
</testsuite> <!-- com.ranford.mastertestcase.MasterTestCaseTest -->
