<?xml version="1.0" encoding="UTF-8"?>
<!-- Generated by org.testng.reporters.JUnitReportReporter -->
<testsuite hostname="mqsys02" name="sample.WebTable" tests="1" failures="0" timestamp="18 Nov 2015 06:53:51 GMT" time="10.068" errors="0">
  <testcase name="f" time="10.068" classname="sample.WebTable"/>
</testsuite> <!-- sample.WebTable -->
