<?xml version="1.0" encoding="UTF-8"?>
<!-- Generated by org.testng.reporters.JUnitReportReporter -->
<testsuite hostname="mqsys02" name="com.ranford.RABP.testsuites.BP_TS6_validateBrancheDetailsClear" tests="1" failures="0" timestamp="20 Nov 2015 06:14:43 GMT" time="12.647" errors="0">
  <testcase name="testdata" time="12.647" classname="com.ranford.RABP.testsuites.BP_TS6_validateBrancheDetailsClear"/>
</testsuite> <!-- com.ranford.RABP.testsuites.BP_TS6_validateBrancheDetailsClear -->
