<?xml version="1.0" encoding="UTF-8"?>
<!-- Generated by org.testng.reporters.JUnitReportReporter -->
<testsuite hostname="mqsys02" name="com.ranford.RABP.testsuites.BP_TS2_ValidateNewBranches" tests="1" failures="0" timestamp="20 Nov 2015 06:14:43 GMT" time="10.069" errors="0">
  <testcase name="testCase" time="10.069" classname="com.ranford.RABP.testsuites.BP_TS2_ValidateNewBranches"/>
</testsuite> <!-- com.ranford.RABP.testsuites.BP_TS2_ValidateNewBranches -->
